Determining if the pthread_create exist failed with the following output:
Change Dir: /home/tom/Desktop/eacirc/eacirc-streams/cmake-build-debug/CMakeFiles/CMakeTmp

Run Build Command:"/usr/bin/make" "cmTC_e0531/fast"
/usr/bin/make -f CMakeFiles/cmTC_e0531.dir/build.make CMakeFiles/cmTC_e0531.dir/build
make[1]: Entering directory '/home/tom/Desktop/eacirc/eacirc-streams/cmake-build-debug/CMakeFiles/CMakeTmp'
Building C object CMakeFiles/cmTC_e0531.dir/CheckSymbolExists.c.o
/usr/bin/cc    -o CMakeFiles/cmTC_e0531.dir/CheckSymbolExists.c.o   -c /home/tom/Desktop/eacirc/eacirc-streams/cmake-build-debug/CMakeFiles/CMakeTmp/CheckSymbolExists.c
Linking C executable cmTC_e0531
/opt/clion-2017.2.3/bin/cmake/bin/cmake -E cmake_link_script CMakeFiles/cmTC_e0531.dir/link.txt --verbose=1
/usr/bin/cc      -rdynamic CMakeFiles/cmTC_e0531.dir/CheckSymbolExists.c.o  -o cmTC_e0531 
CMakeFiles/cmTC_e0531.dir/CheckSymbolExists.c.o: In function `main':
CheckSymbolExists.c:(.text+0x16): undefined reference to `pthread_create'
collect2: error: ld returned 1 exit status
CMakeFiles/cmTC_e0531.dir/build.make:97: recipe for target 'cmTC_e0531' failed
make[1]: *** [cmTC_e0531] Error 1
make[1]: Leaving directory '/home/tom/Desktop/eacirc/eacirc-streams/cmake-build-debug/CMakeFiles/CMakeTmp'
Makefile:126: recipe for target 'cmTC_e0531/fast' failed
make: *** [cmTC_e0531/fast] Error 2

File /home/tom/Desktop/eacirc/eacirc-streams/cmake-build-debug/CMakeFiles/CMakeTmp/CheckSymbolExists.c:
/* */
#include <pthread.h>

int main(int argc, char** argv)
{
  (void)argv;
#ifndef pthread_create
  return ((int*)(&pthread_create))[argc];
#else
  (void)argc;
  return 0;
#endif
}

Determining if the function pthread_create exists in the pthreads failed with the following output:
Change Dir: /home/tom/Desktop/eacirc/eacirc-streams/cmake-build-debug/CMakeFiles/CMakeTmp

Run Build Command:"/usr/bin/make" "cmTC_f9e0a/fast"
/usr/bin/make -f CMakeFiles/cmTC_f9e0a.dir/build.make CMakeFiles/cmTC_f9e0a.dir/build
make[1]: Entering directory '/home/tom/Desktop/eacirc/eacirc-streams/cmake-build-debug/CMakeFiles/CMakeTmp'
Building C object CMakeFiles/cmTC_f9e0a.dir/CheckFunctionExists.c.o
/usr/bin/cc   -DCHECK_FUNCTION_EXISTS=pthread_create   -o CMakeFiles/cmTC_f9e0a.dir/CheckFunctionExists.c.o   -c /opt/clion-2017.2.3/bin/cmake/share/cmake-3.8/Modules/CheckFunctionExists.c
Linking C executable cmTC_f9e0a
/opt/clion-2017.2.3/bin/cmake/bin/cmake -E cmake_link_script CMakeFiles/cmTC_f9e0a.dir/link.txt --verbose=1
/usr/bin/cc  -DCHECK_FUNCTION_EXISTS=pthread_create    -rdynamic CMakeFiles/cmTC_f9e0a.dir/CheckFunctionExists.c.o  -o cmTC_f9e0a -lpthreads 
/usr/bin/ld: cannot find -lpthreads
collect2: error: ld returned 1 exit status
CMakeFiles/cmTC_f9e0a.dir/build.make:97: recipe for target 'cmTC_f9e0a' failed
make[1]: *** [cmTC_f9e0a] Error 1
make[1]: Leaving directory '/home/tom/Desktop/eacirc/eacirc-streams/cmake-build-debug/CMakeFiles/CMakeTmp'
Makefile:126: recipe for target 'cmTC_f9e0a/fast' failed
make: *** [cmTC_f9e0a/fast] Error 2


